Base path: C:/Program Files/Unity/Editor/Data
Pipe name: \\.\pipe\UnityShaderCompiler-64bit-1-4736
Cmd: getPlatforms
Cmd: preprocess
  insize=996 outsize=1278 ok=1
Cmd: compileSnippet
  api=4 type=0 insize=7446 outsize=3508 kw=DIRECTIONAL SHADOWS_OFF LIGHTMAP_OFF DIRLIGHTMAP_OFF DYNAMICLIGHTMAP_OFF ok=1
Cmd: compileSnippet
  api=4 type=1 insize=7446 outsize=10154 kw=DIRECTIONAL SHADOWS_OFF LIGHTMAP_OFF DIRLIGHTMAP_OFF DYNAMICLIGHTMAP_OFF ok=1
Cmd: compileSnippet
  api=4 type=0 insize=4255 outsize=2753 kw=POINT SHADOWS_OFF ok=1
Cmd: compileSnippet
  api=4 type=1 insize=4255 outsize=6149 kw=POINT SHADOWS_OFF ok=1
Cmd: compileSnippet
  api=4 type=0 insize=6564 outsize=3508 kw=LIGHTMAP_OFF DIRLIGHTMAP_OFF DYNAMICLIGHTMAP_OFF HDR_LIGHT_PREPASS_OFF ok=1
Cmd: compileSnippet
  api=4 type=1 insize=6564 outsize=7416 kw=LIGHTMAP_OFF DIRLIGHTMAP_OFF DYNAMICLIGHTMAP_OFF HDR_LIGHT_PREPASS_OFF ok=1
Cmd: compileSnippet
  api=4 type=0 insize=3508 outsize=2484 kw= ok=1
Cmd: compileSnippet
  api=4 type=1 insize=3508 outsize=1314 kw= ok=1
Cmd: preprocess
  insize=1895 outsize=1387 ok=1
Cmd: compileSnippet
  api=4 type=0 insize=7904 outsize=3565 kw=DIRECTIONAL LIGHTMAP_OFF DIRLIGHTMAP_OFF DYNAMICLIGHTMAP_OFF ok=1
Cmd: compileSnippet
  api=4 type=1 insize=7904 outsize=2200 kw=DIRECTIONAL LIGHTMAP_OFF DIRLIGHTMAP_OFF DYNAMICLIGHTMAP_OFF ok=1
Cmd: compileSnippet
  api=4 type=0 insize=4712 outsize=2809 kw=POINT ok=1
Cmd: compileSnippet
  api=4 type=1 insize=4712 outsize=2379 kw=POINT ok=1
Cmd: compileSnippet
  api=4 type=0 insize=4145 outsize=2541 kw= ok=1
Cmd: compileSnippet
  api=4 type=1 insize=4145 outsize=2013 kw= ok=1
Cmd: compileSnippet
  api=4 type=0 insize=982 outsize=4337 kw=DIRECTIONAL SHADOWS_SCREEN LIGHTMAP_OFF DIRLIGHTMAP_OFF DYNAMICLIGHTMAP_OFF ok=1
Cmd: compileSnippet
  api=4 type=1 insize=982 outsize=10869 kw=DIRECTIONAL SHADOWS_SCREEN LIGHTMAP_OFF DIRLIGHTMAP_OFF DYNAMICLIGHTMAP_OFF ok=1
Cmd: compileSnippet
  api=4 type=0 insize=4712 outsize=2809 kw=DIRECTIONAL ok=1
Cmd: compileSnippet
  api=4 type=1 insize=4712 outsize=1599 kw=DIRECTIONAL ok=1
Cmd: compileSnippet
  api=4 type=0 insize=6810 outsize=4053 kw=DIRECTIONAL SHADOWS_SCREEN LIGHTMAP_OFF DIRLIGHTMAP_OFF DYNAMICLIGHTMAP_OFF ok=1
Cmd: compileSnippet
  api=4 type=1 insize=6810 outsize=1631 kw=DIRECTIONAL SHADOWS_SCREEN LIGHTMAP_OFF DIRLIGHTMAP_OFF DYNAMICLIGHTMAP_OFF ok=1
Cmd: preprocess
  insize=1893 outsize=1385 ok=1
Cmd: preprocess
  insize=1895 outsize=1387 ok=1
Cmd: preprocess
  insize=1896 outsize=1388 ok=1
Cmd: preprocess
  insize=1486 outsize=661 ok=1
Cmd: compileSnippet
  api=4 type=0 insize=1124 outsize=1769 kw= ok=1
Cmd: compileSnippet
  api=4 type=1 insize=1124 outsize=1558 kw= ok=1
Cmd: preprocess
  insize=1486 outsize=661 ok=1
